<?xml version="1.0" encoding="UTF-8"?>
<!-- Generated by org.testng.reporters.JUnitReportReporter -->
<testsuite skipped="3" hostname="bhajandevi" name="weatherAPI.WeatherAPICalls" tests="4" failures="0" timestamp="21 Sep 2021 10:16:50 GMT" time="8.400" errors="0">
  <testcase name="gettingWeatherInfo4" time="8.400" classname="weatherAPI.WeatherAPICalls"/>
  <testcase name="gettingWeatherInfo" classname="weatherAPI.WeatherAPICalls">
    <skipped/>
  </testcase> <!-- gettingWeatherInfo -->
  <testcase name="gettingWeatherInfo2" classname="weatherAPI.WeatherAPICalls">
    <skipped/>
  </testcase> <!-- gettingWeatherInfo2 -->
  <testcase name="gettingWeatherInfo3" classname="weatherAPI.WeatherAPICalls">
    <skipped/>
  </testcase> <!-- gettingWeatherInfo3 -->
</testsuite> <!-- weatherAPI.WeatherAPICalls -->
