<?xml version="1.0" encoding="UTF-8"?>
<!-- Generated by org.testng.reporters.JUnitReportReporter -->
<testsuite skipped="1" hostname="bhajandevi" name="gitHub.GitHubExample" tests="2" failures="0" timestamp="21 Sep 2021 11:34:39 GMT" time="12.783" errors="0">
  <testcase name="createRepository" time="12.783" classname="gitHub.GitHubExample"/>
  <testcase name="getAllRepository" classname="gitHub.GitHubExample">
    <skipped/>
  </testcase> <!-- getAllRepository -->
</testsuite> <!-- gitHub.GitHubExample -->
