<?xml version="1.0" encoding="UTF-8"?>
<!-- Generated by org.testng.reporters.JUnitReportReporter -->
<testsuite skipped="2" hostname="bhajandevi" name="contactListApi.NegativeTest" tests="5" failures="0" timestamp="21 Sep 2021 09:32:14 GMT" time="15.881" errors="0">
  <testcase name="addContactWithInvalidFormar" time="14.415" classname="contactListApi.NegativeTest"/>
  <testcase name="getSpecificContact" time="0.707" classname="contactListApi.NegativeTest"/>
  <testcase name="addContactWithNumberInName" time="0.759" classname="contactListApi.NegativeTest"/>
  <testcase name="addContactWithMoreSize" classname="contactListApi.NegativeTest">
    <skipped/>
  </testcase> <!-- addContactWithMoreSize -->
  <testcase name="addContactWithMissingEmailID" classname="contactListApi.NegativeTest">
    <skipped/>
  </testcase> <!-- addContactWithMissingEmailID -->
</testsuite> <!-- contactListApi.NegativeTest -->
