<?xml version="1.0" encoding="UTF-8"?>
<!-- Generated by org.testng.reporters.JUnitReportReporter -->
<testsuite skipped="1" hostname="bhajandevi" name="contactListApi.NegativeTest" tests="3" failures="0" timestamp="21 Sep 2021 08:49:18 GMT" time="13.325" errors="0">
  <testcase name="getSpecificContact" time="0.757" classname="contactListApi.NegativeTest"/>
  <testcase name="addContactWithMoreSize" time="12.568" classname="contactListApi.NegativeTest"/>
  <testcase name="addContact" classname="contactListApi.NegativeTest">
    <skipped/>
  </testcase> <!-- addContact -->
</testsuite> <!-- contactListApi.NegativeTest -->
