<?xml version="1.0" encoding="UTF-8"?>
<!-- Generated by org.testng.reporters.JUnitReportReporter -->
<testsuite skipped="1" hostname="bhajandevi" name="contactListApi.PostiveTests" tests="5" failures="0" timestamp="21 Sep 2021 07:05:21 GMT" time="14.961" errors="0">
  <testcase name="addContact" time="13.025" classname="contactListApi.PostiveTests"/>
  <testcase name="deleteContact" time="0.612" classname="contactListApi.PostiveTests"/>
  <testcase name="updateContact" time="0.617" classname="contactListApi.PostiveTests"/>
  <testcase name="getSpecificContact" time="0.707" classname="contactListApi.PostiveTests"/>
  <testcase name="gettingAllContact" classname="contactListApi.PostiveTests">
    <skipped/>
  </testcase> <!-- gettingAllContact -->
</testsuite> <!-- contactListApi.PostiveTests -->
